{"/Users/sugiurakazuki/Documents/projects/opencall-hub/backend/src/app.ts": {"path":"/Users/sugiurakazuki/Documents/projects/opencall-hub/backend/src/app.ts","statementMap":{"0":{"start":{"line":6,"column":19},"end":{"line":6,"column":49}},"1":{"start":{"line":7,"column":18},"end":{"line":7,"column":42}},"2":{"start":{"line":8,"column":16},"end":{"line":8,"column":54}},"3":{"start":{"line":10,"column":19},"end":{"line":10,"column":28}},"4":{"start":{"line":11,"column":0},"end":{"line":11,"column":24}},"5":{"start":{"line":13,"column":0},"end":{"line":32,"column":3}},"6":{"start":{"line":14,"column":13},"end":{"line":14,"column":34}},"7":{"start":{"line":15,"column":23},"end":{"line":15,"column":32}},"8":{"start":{"line":17,"column":14},"end":{"line":17,"column":36}},"9":{"start":{"line":18,"column":24},"end":{"line":18,"column":26}},"10":{"start":{"line":20,"column":2},"end":{"line":23,"column":3}},"11":{"start":{"line":21,"column":4},"end":{"line":21,"column":35}},"12":{"start":{"line":22,"column":4},"end":{"line":22,"column":26}},"13":{"start":{"line":26,"column":2},"end":{"line":26,"column":36}},"14":{"start":{"line":28,"column":17},"end":{"line":28,"column":49}},"15":{"start":{"line":29,"column":2},"end":{"line":29,"column":13}},"16":{"start":{"line":31,"column":2},"end":{"line":31,"column":19}},"17":{"start":{"line":34,"column":0},"end":{"line":55,"column":3}},"18":{"start":{"line":35,"column":32},"end":{"line":35,"column":40}},"19":{"start":{"line":37,"column":2},"end":{"line":40,"column":3}},"20":{"start":{"line":38,"column":4},"end":{"line":38,"column":73}},"21":{"start":{"line":39,"column":4},"end":{"line":39,"column":11}},"22":{"start":{"line":42,"column":13},"end":{"line":42,"column":34}},"23":{"start":{"line":43,"column":2},"end":{"line":54,"column":3}},"24":{"start":{"line":44,"column":4},"end":{"line":44,"column":100}},"25":{"start":{"line":45,"column":4},"end":{"line":45,"column":66}},"26":{"start":{"line":47,"column":4},"end":{"line":51,"column":5}},"27":{"start":{"line":48,"column":6},"end":{"line":48,"column":61}},"28":{"start":{"line":50,"column":6},"end":{"line":50,"column":62}},"29":{"start":{"line":53,"column":4},"end":{"line":53,"column":15}}},"fnMap":{"0":{"name":"(anonymous_0)","decl":{"start":{"line":13,"column":23},"end":{"line":13,"column":24}},"loc":{"start":{"line":13,"column":36},"end":{"line":32,"column":1}}},"1":{"name":"(anonymous_1)","decl":{"start":{"line":34,"column":36},"end":{"line":34,"column":37}},"loc":{"start":{"line":34,"column":49},"end":{"line":55,"column":1}}}},"branchMap":{"0":{"loc":{"start":{"line":20,"column":2},"end":{"line":23,"column":3}},"type":"if","locations":[{"start":{"line":20,"column":2},"end":{"line":23,"column":3}},{"start":{},"end":{}}]},"1":{"loc":{"start":{"line":37,"column":2},"end":{"line":40,"column":3}},"type":"if","locations":[{"start":{"line":37,"column":2},"end":{"line":40,"column":3}},{"start":{},"end":{}}]},"2":{"loc":{"start":{"line":37,"column":6},"end":{"line":37,"column":27}},"type":"binary-expr","locations":[{"start":{"line":37,"column":6},"end":{"line":37,"column":14}},{"start":{"line":37,"column":18},"end":{"line":37,"column":27}}]},"3":{"loc":{"start":{"line":47,"column":4},"end":{"line":51,"column":5}},"type":"if","locations":[{"start":{"line":47,"column":4},"end":{"line":51,"column":5}},{"start":{"line":49,"column":11},"end":{"line":51,"column":5}}]}},"s":{"0":2,"1":2,"2":2,"3":2,"4":2,"5":2,"6":3,"7":3,"8":3,"9":3,"10":3,"11":1,"12":1,"13":3,"14":3,"15":3,"16":3,"17":2,"18":4,"19":4,"20":1,"21":1,"22":3,"23":3,"24":3,"25":1,"26":2,"27":2,"28":0,"29":3},"f":{"0":3,"1":4},"b":{"0":[1,2],"1":[1,3],"2":[4,4],"3":[2,0]}}
}
